Using pre-set license
Built from '2020.3/release' branch; Version is '2020.3.27f1 (e759542391ea) revision 15161684'; Using compiler version '192528614'; Build Type 'Release'
OS: 'Windows 10  (10.0.19044) 64bit CoreSingleLanguage' Language: 'en' Physical Memory: 16121 MB
BatchMode: 1, IsHumanControllingUs: 0, StartBugReporterOnCrash: 0, Is64bit: 1, IsPro: 0

COMMAND LINE ARGUMENTS:
D:\Unity\2020.3.27f1\Editor\Unity.exe
-adb2
-batchMode
-noUpm
-name
AssetImportWorker0
-projectPath
E:/Projects/Tuay-chaam-the-legendary-recipe
-logFile
Logs/AssetImportWorker0.log
-srvPort
54590
Successfully changed project path to: E:/Projects/Tuay-chaam-the-legendary-recipe
E:/Projects/Tuay-chaam-the-legendary-recipe
Using Asset Import Pipeline V2.
Refreshing native plugins compatible for Editor in 42.98 ms, found 3 plugins.
Preloading 0 native plugins for Editor in 0.00 ms.
Initialize engine version: 2020.3.27f1 (e759542391ea)
[Subsystems] Discovering subsystems at path D:/Unity/2020.3.27f1/Editor/Data/Resources/UnitySubsystems
[Subsystems] Discovering subsystems at path E:/Projects/Tuay-chaam-the-legendary-recipe/Assets
GfxDevice: creating device client; threaded=0
Direct3D:
    Version:  Direct3D 11.0 [level 11.1]
    Renderer: NVIDIA GeForce RTX 3060 Laptop GPU (ID=0x2520)
    Vendor:   
    VRAM:     6023 MB
    Driver:   30.0.14.9729
Initialize mono
Mono path[0] = 'D:/Unity/2020.3.27f1/Editor/Data/Managed'
Mono path[1] = 'D:/Unity/2020.3.27f1/Editor/Data/MonoBleedingEdge/lib/mono/unityjit'
Mono config path = 'D:/Unity/2020.3.27f1/Editor/Data/MonoBleedingEdge/etc'
Using monoOptions --debugger-agent=transport=dt_socket,embedding=1,server=y,suspend=n,address=127.0.0.1:56536
Begin MonoManager ReloadAssembly
Registering precompiled unity dll's ...
Register platform support module: D:/Unity/2020.3.27f1/Editor/Data/PlaybackEngines/WebGLSupport/UnityEditor.WebGL.Extensions.dll
Register platform support module: D:/Unity/2020.3.27f1/Editor/Data/PlaybackEngines/WindowsStandaloneSupport/UnityEditor.WindowsStandalone.Extensions.dll
Registered in 0.000934 seconds.
Native extension for WindowsStandalone target not found
Native extension for WebGL target not found
Refreshing native plugins compatible for Editor in 37.81 ms, found 3 plugins.
Preloading 0 native plugins for Editor in 0.00 ms.
Mono: successfully reloaded assembly
- Completed reload, in  0.434 seconds
Domain Reload Profiling:
	ReloadAssembly (435ms)
		BeginReloadAssembly (49ms)
			ExecutionOrderSort (0ms)
			DisableScriptedObjects (0ms)
			BackupInstance (0ms)
			ReleaseScriptingObjects (0ms)
			CreateAndSetChildDomain (1ms)
		EndReloadAssembly (332ms)
			LoadAssemblies (48ms)
			RebuildTransferFunctionScriptingTraits (0ms)
			SetupTypeCache (105ms)
			ReleaseScriptCaches (0ms)
			RebuildScriptCaches (21ms)
			SetupLoadedEditorAssemblies (128ms)
				LogAssemblyErrors (0ms)
				InitializePlatformSupportModulesInManaged (4ms)
				SetLoadedEditorAssemblies (0ms)
				RefreshPlugins (38ms)
				BeforeProcessingInitializeOnLoad (12ms)
				ProcessInitializeOnLoadAttributes (54ms)
				ProcessInitializeOnLoadMethodAttributes (19ms)
				AfterProcessingInitializeOnLoad (0ms)
				EditorAssembliesLoaded (0ms)
			ExecutionOrderSort2 (0ms)
			AwakeInstancesAfterBackupRestoration (0ms)
Platform modules already initialized, skipping
Registering precompiled user dll's ...
Registered in 0.002443 seconds.
Begin MonoManager ReloadAssembly
Native extension for WindowsStandalone target not found
Native extension for WebGL target not found
Refreshing native plugins compatible for Editor in 38.24 ms, found 3 plugins.
Preloading 0 native plugins for Editor in 0.00 ms.
Mono: successfully reloaded assembly
- Completed reload, in  0.816 seconds
Domain Reload Profiling:
	ReloadAssembly (816ms)
		BeginReloadAssembly (106ms)
			ExecutionOrderSort (0ms)
			DisableScriptedObjects (3ms)
			BackupInstance (0ms)
			ReleaseScriptingObjects (0ms)
			CreateAndSetChildDomain (16ms)
		EndReloadAssembly (667ms)
			LoadAssemblies (75ms)
			RebuildTransferFunctionScriptingTraits (0ms)
			SetupTypeCache (216ms)
			ReleaseScriptCaches (0ms)
			RebuildScriptCaches (36ms)
			SetupLoadedEditorAssemblies (259ms)
				LogAssemblyErrors (0ms)
				InitializePlatformSupportModulesInManaged (3ms)
				SetLoadedEditorAssemblies (0ms)
				RefreshPlugins (38ms)
				BeforeProcessingInitializeOnLoad (59ms)
				ProcessInitializeOnLoadAttributes (145ms)
				ProcessInitializeOnLoadMethodAttributes (12ms)
				AfterProcessingInitializeOnLoad (1ms)
				EditorAssembliesLoaded (0ms)
			ExecutionOrderSort2 (0ms)
			AwakeInstancesAfterBackupRestoration (4ms)
Platform modules already initialized, skipping
========================================================================
Worker process is ready to serve import requests
Launched and connected shader compiler UnityShaderCompiler.exe after 0.05 seconds
Refreshing native plugins compatible for Editor in 0.50 ms, found 3 plugins.
Preloading 0 native plugins for Editor in 0.00 ms.
Unloading 2301 Unused Serialized files (Serialized files now loaded: 0)
System memory in use before: 113.6 MB.
System memory in use after: 113.8 MB.

Unloading 28 unused Assets to reduce memory usage. Loaded Objects now: 2756.
Total: 2.562500 ms (FindLiveObjects: 0.158700 ms CreateObjectMapping: 0.139500 ms MarkObjects: 2.176800 ms  DeleteObjects: 0.086500 ms)

AssetImportParameters requested are different than current active one (requested -> active):
  custom:framework-win-MediaFoundation: 216162199b28c13a410421893ffa2e32 -> 
  custom:video-decoder-ogg-theora: a1e56fd34408186e4bbccfd4996cb3dc -> 
  custom:container-muxer-webm: aa71ff27fc2769a1b78a27578f13a17b -> 
  custom:container-demuxer-webm: 4f35f7cbe854078d1ac9338744f61a02 -> 
  custom:container-demuxer-ogg: 62fdf1f143b41e24485cea50d1cbac27 -> 
  custom:video-encoder-webm-vp8: eb34c28f22e8b96e1ab97ce403110664 -> 
  custom:video-codec-MediaFoundation-h265: 746d11721c4dcdbdad8f713fa42b33f4 -> 
  custom:video-decoder-webm-vp8: 9c59270c3fd7afecdb556c50c9e8de78 -> 
  custom:audio-decoder-ogg-vorbis: bf7c407c2cedff20999df2af8eb42d56 -> 
  custom:audio-encoder-webm-vorbis: bf7c407c2cedff20999df2af8eb42d56 -> 
========================================================================
Received Import Request.
  path: Assets/Scripts/BattleScene/BattleManager.cs
  artifactKey: Guid(67f5b1ec7d56c714a96ef553003fd49d) Importer(815301076,1909f56bfc062723c751e8b465ee728b)
Start importing Assets/Scripts/BattleScene/BattleManager.cs using Guid(67f5b1ec7d56c714a96ef553003fd49d) Importer(815301076,1909f56bfc062723c751e8b465ee728b)  -> (artifact id: '60b9af09e9401eb868bd5829c94f7ef4') in 0.037255 seconds 
  Import took 0.042093 seconds .

========================================================================
Received Import Request.
  Time since last request: 11.164200 seconds.
  path: Assets/Scripts/Sound/SoundManager.cs
  artifactKey: Guid(11092981cbae6604fa9f120c7f6ed315) Importer(815301076,1909f56bfc062723c751e8b465ee728b)
Start importing Assets/Scripts/Sound/SoundManager.cs using Guid(11092981cbae6604fa9f120c7f6ed315) Importer(815301076,1909f56bfc062723c751e8b465ee728b)  -> (artifact id: '4b4ce756110a3986a547135f9c95d4b1') in 0.005374 seconds 
  Import took 0.009676 seconds .

========================================================================
Received Import Request.
  Time since last request: 1.150375 seconds.
  path: Assets/Scripts/Sound/Sound.cs
  artifactKey: Guid(6127777732873eb46a947c35b7cad815) Importer(815301076,1909f56bfc062723c751e8b465ee728b)
Start importing Assets/Scripts/Sound/Sound.cs using Guid(6127777732873eb46a947c35b7cad815) Importer(815301076,1909f56bfc062723c751e8b465ee728b)  -> (artifact id: '526b6c749dbe538adc7f7d6c34ca5085') in 0.005834 seconds 
  Import took 0.009742 seconds .

========================================================================
Received Import Request.
  Time since last request: 0.943095 seconds.
  path: Assets/Scripts/Sound/ModelSound.cs
  artifactKey: Guid(1e7b1853e5410e44dbf926fea990cb11) Importer(815301076,1909f56bfc062723c751e8b465ee728b)
Start importing Assets/Scripts/Sound/ModelSound.cs using Guid(1e7b1853e5410e44dbf926fea990cb11) Importer(815301076,1909f56bfc062723c751e8b465ee728b)  -> (artifact id: 'ca649cd411530e5b502c2a7d6f1dd244') in 0.005056 seconds 
  Import took 0.010081 seconds .

========================================================================
Received Import Request.
  Time since last request: 12.468034 seconds.
  path: Assets/Scripts/Sound/MainMenuSound.cs
  artifactKey: Guid(68daa05a4acfc9b4f8c8919e8fedca54) Importer(815301076,1909f56bfc062723c751e8b465ee728b)
Start importing Assets/Scripts/Sound/MainMenuSound.cs using Guid(68daa05a4acfc9b4f8c8919e8fedca54) Importer(815301076,1909f56bfc062723c751e8b465ee728b)  -> (artifact id: '14ffc44d4c6cc2b2cf9f37913ae8f6b1') in 0.005701 seconds 
  Import took 0.010457 seconds .

========================================================================
Received Import Request.
  Time since last request: 5.764636 seconds.
  path: Assets/Scripts/Sound/CharacterSound.cs
  artifactKey: Guid(be8694ea170e6bc4894185f43f871d64) Importer(815301076,1909f56bfc062723c751e8b465ee728b)
Start importing Assets/Scripts/Sound/CharacterSound.cs using Guid(be8694ea170e6bc4894185f43f871d64) Importer(815301076,1909f56bfc062723c751e8b465ee728b)  -> (artifact id: '2933a5e418d902a77032d1593e93b2cf') in 0.005899 seconds 
  Import took 0.011424 seconds .

========================================================================
Received Import Request.
  Time since last request: 3.677967 seconds.
  path: Assets/Scripts/Sound/BattleSound.cs
  artifactKey: Guid(ec1a3a58f2696cb4f8c141ae31558ac9) Importer(815301076,1909f56bfc062723c751e8b465ee728b)
Start importing Assets/Scripts/Sound/BattleSound.cs using Guid(ec1a3a58f2696cb4f8c141ae31558ac9) Importer(815301076,1909f56bfc062723c751e8b465ee728b)  -> (artifact id: '86fb1e12a93706c8d09b3182354b2020') in 0.004917 seconds 
  Import took 0.009290 seconds .

AssetImportWorkerClient::OnTransportError - code=2 error=End of file
