Using pre-set license
Built from '2020.3/release' branch; Version is '2020.3.27f1 (e759542391ea) revision 15161684'; Using compiler version '192528614'; Build Type 'Release'
OS: 'Windows 10  (10.0.19044) 64bit CoreSingleLanguage' Language: 'en' Physical Memory: 16122 MB
BatchMode: 1, IsHumanControllingUs: 0, StartBugReporterOnCrash: 0, Is64bit: 1, IsPro: 0

COMMAND LINE ARGUMENTS:
D:\Unity\2020.3.27f1\Editor\Unity.exe
-adb2
-batchMode
-noUpm
-name
AssetImportWorker0
-projectPath
E:/Projects/Tuay-chaam-the-legendary-recipe
-logFile
Logs/AssetImportWorker0.log
-srvPort
60948
Successfully changed project path to: E:/Projects/Tuay-chaam-the-legendary-recipe
E:/Projects/Tuay-chaam-the-legendary-recipe
Using Asset Import Pipeline V2.
Refreshing native plugins compatible for Editor in 44.48 ms, found 3 plugins.
Preloading 0 native plugins for Editor in 0.00 ms.
Initialize engine version: 2020.3.27f1 (e759542391ea)
[Subsystems] Discovering subsystems at path D:/Unity/2020.3.27f1/Editor/Data/Resources/UnitySubsystems
[Subsystems] Discovering subsystems at path E:/Projects/Tuay-chaam-the-legendary-recipe/Assets
GfxDevice: creating device client; threaded=0
Direct3D:
    Version:  Direct3D 11.0 [level 11.1]
    Renderer: NVIDIA GeForce RTX 3060 Laptop GPU (ID=0x2520)
    Vendor:   
    VRAM:     6023 MB
    Driver:   30.0.14.9729
Initialize mono
Mono path[0] = 'D:/Unity/2020.3.27f1/Editor/Data/Managed'
Mono path[1] = 'D:/Unity/2020.3.27f1/Editor/Data/MonoBleedingEdge/lib/mono/unityjit'
Mono config path = 'D:/Unity/2020.3.27f1/Editor/Data/MonoBleedingEdge/etc'
Using monoOptions --debugger-agent=transport=dt_socket,embedding=1,server=y,suspend=n,address=127.0.0.1:56044
Begin MonoManager ReloadAssembly
Registering precompiled unity dll's ...
Register platform support module: D:/Unity/2020.3.27f1/Editor/Data/PlaybackEngines/WebGLSupport/UnityEditor.WebGL.Extensions.dll
Register platform support module: D:/Unity/2020.3.27f1/Editor/Data/PlaybackEngines/WindowsStandaloneSupport/UnityEditor.WindowsStandalone.Extensions.dll
Registered in 0.000978 seconds.
Native extension for WindowsStandalone target not found
Native extension for WebGL target not found
Refreshing native plugins compatible for Editor in 43.93 ms, found 3 plugins.
Preloading 0 native plugins for Editor in 0.00 ms.
Mono: successfully reloaded assembly
- Completed reload, in  0.477 seconds
Domain Reload Profiling:
	ReloadAssembly (478ms)
		BeginReloadAssembly (48ms)
			ExecutionOrderSort (0ms)
			DisableScriptedObjects (0ms)
			BackupInstance (0ms)
			ReleaseScriptingObjects (0ms)
			CreateAndSetChildDomain (1ms)
		EndReloadAssembly (375ms)
			LoadAssemblies (48ms)
			RebuildTransferFunctionScriptingTraits (0ms)
			SetupTypeCache (116ms)
			ReleaseScriptCaches (0ms)
			RebuildScriptCaches (24ms)
			SetupLoadedEditorAssemblies (151ms)
				LogAssemblyErrors (0ms)
				InitializePlatformSupportModulesInManaged (4ms)
				SetLoadedEditorAssemblies (0ms)
				RefreshPlugins (44ms)
				BeforeProcessingInitializeOnLoad (14ms)
				ProcessInitializeOnLoadAttributes (65ms)
				ProcessInitializeOnLoadMethodAttributes (24ms)
				AfterProcessingInitializeOnLoad (0ms)
				EditorAssembliesLoaded (0ms)
			ExecutionOrderSort2 (0ms)
			AwakeInstancesAfterBackupRestoration (0ms)
Platform modules already initialized, skipping
Registering precompiled user dll's ...
Registered in 0.002471 seconds.
Begin MonoManager ReloadAssembly
Native extension for WindowsStandalone target not found
Native extension for WebGL target not found
Refreshing native plugins compatible for Editor in 40.06 ms, found 3 plugins.
Preloading 0 native plugins for Editor in 0.00 ms.
Mono: successfully reloaded assembly
- Completed reload, in  0.897 seconds
Domain Reload Profiling:
	ReloadAssembly (897ms)
		BeginReloadAssembly (116ms)
			ExecutionOrderSort (0ms)
			DisableScriptedObjects (3ms)
			BackupInstance (0ms)
			ReleaseScriptingObjects (0ms)
			CreateAndSetChildDomain (17ms)
		EndReloadAssembly (737ms)
			LoadAssemblies (80ms)
			RebuildTransferFunctionScriptingTraits (0ms)
			SetupTypeCache (241ms)
			ReleaseScriptCaches (1ms)
			RebuildScriptCaches (42ms)
			SetupLoadedEditorAssemblies (286ms)
				LogAssemblyErrors (0ms)
				InitializePlatformSupportModulesInManaged (3ms)
				SetLoadedEditorAssemblies (0ms)
				RefreshPlugins (40ms)
				BeforeProcessingInitializeOnLoad (66ms)
				ProcessInitializeOnLoadAttributes (160ms)
				ProcessInitializeOnLoadMethodAttributes (14ms)
				AfterProcessingInitializeOnLoad (2ms)
				EditorAssembliesLoaded (0ms)
			ExecutionOrderSort2 (0ms)
			AwakeInstancesAfterBackupRestoration (6ms)
Platform modules already initialized, skipping
========================================================================
Worker process is ready to serve import requests
Launched and connected shader compiler UnityShaderCompiler.exe after 0.05 seconds
Refreshing native plugins compatible for Editor in 0.60 ms, found 3 plugins.
Preloading 0 native plugins for Editor in 0.00 ms.
Unloading 2286 Unused Serialized files (Serialized files now loaded: 0)
System memory in use before: 113.0 MB.
System memory in use after: 113.2 MB.

Unloading 28 unused Assets to reduce memory usage. Loaded Objects now: 2739.
Total: 2.738600 ms (FindLiveObjects: 0.166000 ms CreateObjectMapping: 0.051300 ms MarkObjects: 2.416700 ms  DeleteObjects: 0.102800 ms)

AssetImportParameters requested are different than current active one (requested -> active):
  custom:framework-win-MediaFoundation: 216162199b28c13a410421893ffa2e32 -> 
  custom:video-decoder-ogg-theora: a1e56fd34408186e4bbccfd4996cb3dc -> 
  custom:container-muxer-webm: aa71ff27fc2769a1b78a27578f13a17b -> 
  custom:container-demuxer-webm: 4f35f7cbe854078d1ac9338744f61a02 -> 
  custom:container-demuxer-ogg: 62fdf1f143b41e24485cea50d1cbac27 -> 
  custom:video-encoder-webm-vp8: eb34c28f22e8b96e1ab97ce403110664 -> 
  custom:video-codec-MediaFoundation-h265: 746d11721c4dcdbdad8f713fa42b33f4 -> 
  custom:video-decoder-webm-vp8: 9c59270c3fd7afecdb556c50c9e8de78 -> 
  custom:audio-decoder-ogg-vorbis: bf7c407c2cedff20999df2af8eb42d56 -> 
  custom:audio-encoder-webm-vorbis: bf7c407c2cedff20999df2af8eb42d56 -> 
========================================================================
Received Import Request.
  path: Assets/Scenes/Battle-1-2.unity
  artifactKey: Guid(08a5354ba0d6a644cbe93c066252f1bd) Importer(815301076,1909f56bfc062723c751e8b465ee728b)
Start importing Assets/Scenes/Battle-1-2.unity using Guid(08a5354ba0d6a644cbe93c066252f1bd) Importer(815301076,1909f56bfc062723c751e8b465ee728b)  -> (artifact id: '7ea82edf0c5b1698aab47ec17d63c251') in 0.016498 seconds 
  Import took 0.019983 seconds .

========================================================================
Received Prepare
Registering precompiled user dll's ...
Registered in 0.002338 seconds.
Begin MonoManager ReloadAssembly
Native extension for WindowsStandalone target not found
Native extension for WebGL target not found
Refreshing native plugins compatible for Editor in 0.50 ms, found 3 plugins.
Preloading 0 native plugins for Editor in 0.00 ms.
Mono: successfully reloaded assembly
- Completed reload, in  0.826 seconds
Domain Reload Profiling:
	ReloadAssembly (827ms)
		BeginReloadAssembly (98ms)
			ExecutionOrderSort (0ms)
			DisableScriptedObjects (4ms)
			BackupInstance (0ms)
			ReleaseScriptingObjects (0ms)
			CreateAndSetChildDomain (33ms)
		EndReloadAssembly (685ms)
			LoadAssemblies (77ms)
			RebuildTransferFunctionScriptingTraits (0ms)
			SetupTypeCache (236ms)
			ReleaseScriptCaches (2ms)
			RebuildScriptCaches (35ms)
			SetupLoadedEditorAssemblies (267ms)
				LogAssemblyErrors (0ms)
				InitializePlatformSupportModulesInManaged (4ms)
				SetLoadedEditorAssemblies (0ms)
				RefreshPlugins (1ms)
				BeforeProcessingInitializeOnLoad (86ms)
				ProcessInitializeOnLoadAttributes (163ms)
				ProcessInitializeOnLoadMethodAttributes (11ms)
				AfterProcessingInitializeOnLoad (2ms)
				EditorAssembliesLoaded (0ms)
			ExecutionOrderSort2 (0ms)
			AwakeInstancesAfterBackupRestoration (9ms)
Platform modules already initialized, skipping
Refreshing native plugins compatible for Editor in 0.54 ms, found 3 plugins.
Preloading 0 native plugins for Editor in 0.00 ms.
Unloading 2262 Unused Serialized files (Serialized files now loaded: 0)
System memory in use before: 111.1 MB.
System memory in use after: 111.4 MB.

Unloading 17 unused Assets to reduce memory usage. Loaded Objects now: 2741.
Total: 2.594400 ms (FindLiveObjects: 0.172000 ms CreateObjectMapping: 0.058400 ms MarkObjects: 2.343700 ms  DeleteObjects: 0.018900 ms)

AssetImportParameters requested are different than current active one (requested -> active):
  custom:framework-win-MediaFoundation: 216162199b28c13a410421893ffa2e32 -> 
  custom:video-decoder-ogg-theora: a1e56fd34408186e4bbccfd4996cb3dc -> 
  custom:container-muxer-webm: aa71ff27fc2769a1b78a27578f13a17b -> 
  custom:container-demuxer-webm: 4f35f7cbe854078d1ac9338744f61a02 -> 
  custom:container-demuxer-ogg: 62fdf1f143b41e24485cea50d1cbac27 -> 
  custom:video-encoder-webm-vp8: eb34c28f22e8b96e1ab97ce403110664 -> 
  custom:video-codec-MediaFoundation-h265: 746d11721c4dcdbdad8f713fa42b33f4 -> 
  custom:video-decoder-webm-vp8: 9c59270c3fd7afecdb556c50c9e8de78 -> 
  custom:audio-decoder-ogg-vorbis: bf7c407c2cedff20999df2af8eb42d56 -> 
  custom:audio-encoder-webm-vorbis: bf7c407c2cedff20999df2af8eb42d56 -> 
========================================================================
Received Prepare
Registering precompiled user dll's ...
Registered in 0.002605 seconds.
Begin MonoManager ReloadAssembly
Native extension for WindowsStandalone target not found
Native extension for WebGL target not found
Refreshing native plugins compatible for Editor in 0.51 ms, found 3 plugins.
Preloading 0 native plugins for Editor in 0.00 ms.
Mono: successfully reloaded assembly
- Completed reload, in  0.828 seconds
Domain Reload Profiling:
	ReloadAssembly (829ms)
		BeginReloadAssembly (97ms)
			ExecutionOrderSort (0ms)
			DisableScriptedObjects (6ms)
			BackupInstance (0ms)
			ReleaseScriptingObjects (0ms)
			CreateAndSetChildDomain (32ms)
		EndReloadAssembly (683ms)
			LoadAssemblies (79ms)
			RebuildTransferFunctionScriptingTraits (0ms)
			SetupTypeCache (259ms)
			ReleaseScriptCaches (1ms)
			RebuildScriptCaches (37ms)
			SetupLoadedEditorAssemblies (241ms)
				LogAssemblyErrors (0ms)
				InitializePlatformSupportModulesInManaged (4ms)
				SetLoadedEditorAssemblies (0ms)
				RefreshPlugins (1ms)
				BeforeProcessingInitializeOnLoad (63ms)
				ProcessInitializeOnLoadAttributes (161ms)
				ProcessInitializeOnLoadMethodAttributes (10ms)
				AfterProcessingInitializeOnLoad (2ms)
				EditorAssembliesLoaded (0ms)
			ExecutionOrderSort2 (0ms)
			AwakeInstancesAfterBackupRestoration (7ms)
Platform modules already initialized, skipping
Refreshing native plugins compatible for Editor in 0.67 ms, found 3 plugins.
Preloading 0 native plugins for Editor in 0.00 ms.
Unloading 2262 Unused Serialized files (Serialized files now loaded: 0)
System memory in use before: 111.2 MB.
System memory in use after: 111.4 MB.

Unloading 17 unused Assets to reduce memory usage. Loaded Objects now: 2743.
Total: 2.947300 ms (FindLiveObjects: 0.161900 ms CreateObjectMapping: 0.054200 ms MarkObjects: 2.704600 ms  DeleteObjects: 0.025500 ms)

AssetImportParameters requested are different than current active one (requested -> active):
  custom:framework-win-MediaFoundation: 216162199b28c13a410421893ffa2e32 -> 
  custom:video-decoder-ogg-theora: a1e56fd34408186e4bbccfd4996cb3dc -> 
  custom:container-muxer-webm: aa71ff27fc2769a1b78a27578f13a17b -> 
  custom:container-demuxer-webm: 4f35f7cbe854078d1ac9338744f61a02 -> 
  custom:container-demuxer-ogg: 62fdf1f143b41e24485cea50d1cbac27 -> 
  custom:video-encoder-webm-vp8: eb34c28f22e8b96e1ab97ce403110664 -> 
  custom:video-codec-MediaFoundation-h265: 746d11721c4dcdbdad8f713fa42b33f4 -> 
  custom:video-decoder-webm-vp8: 9c59270c3fd7afecdb556c50c9e8de78 -> 
  custom:audio-decoder-ogg-vorbis: bf7c407c2cedff20999df2af8eb42d56 -> 
  custom:audio-encoder-webm-vorbis: bf7c407c2cedff20999df2af8eb42d56 -> 
========================================================================
Received Prepare
Registering precompiled user dll's ...
Registered in 0.014087 seconds.
Begin MonoManager ReloadAssembly
Native extension for WindowsStandalone target not found
Native extension for WebGL target not found
Refreshing native plugins compatible for Editor in 0.65 ms, found 3 plugins.
Preloading 0 native plugins for Editor in 0.00 ms.
Mono: successfully reloaded assembly
- Completed reload, in  1.118 seconds
Domain Reload Profiling:
	ReloadAssembly (1119ms)
		BeginReloadAssembly (153ms)
			ExecutionOrderSort (0ms)
			DisableScriptedObjects (6ms)
			BackupInstance (0ms)
			ReleaseScriptingObjects (0ms)
			CreateAndSetChildDomain (59ms)
		EndReloadAssembly (891ms)
			LoadAssemblies (135ms)
			RebuildTransferFunctionScriptingTraits (0ms)
			SetupTypeCache (361ms)
			ReleaseScriptCaches (1ms)
			RebuildScriptCaches (44ms)
			SetupLoadedEditorAssemblies (276ms)
				LogAssemblyErrors (0ms)
				InitializePlatformSupportModulesInManaged (5ms)
				SetLoadedEditorAssemblies (0ms)
				RefreshPlugins (1ms)
				BeforeProcessingInitializeOnLoad (76ms)
				ProcessInitializeOnLoadAttributes (181ms)
				ProcessInitializeOnLoadMethodAttributes (11ms)
				AfterProcessingInitializeOnLoad (2ms)
				EditorAssembliesLoaded (0ms)
			ExecutionOrderSort2 (0ms)
			AwakeInstancesAfterBackupRestoration (13ms)
Platform modules already initialized, skipping
Refreshing native plugins compatible for Editor in 0.72 ms, found 3 plugins.
Preloading 0 native plugins for Editor in 0.00 ms.
Unloading 2262 Unused Serialized files (Serialized files now loaded: 0)
System memory in use before: 111.2 MB.
System memory in use after: 111.4 MB.

Unloading 17 unused Assets to reduce memory usage. Loaded Objects now: 2745.
Total: 2.733000 ms (FindLiveObjects: 0.157200 ms CreateObjectMapping: 0.056200 ms MarkObjects: 2.489200 ms  DeleteObjects: 0.028400 ms)

AssetImportParameters requested are different than current active one (requested -> active):
  custom:framework-win-MediaFoundation: 216162199b28c13a410421893ffa2e32 -> 
  custom:video-decoder-ogg-theora: a1e56fd34408186e4bbccfd4996cb3dc -> 
  custom:container-muxer-webm: aa71ff27fc2769a1b78a27578f13a17b -> 
  custom:container-demuxer-webm: 4f35f7cbe854078d1ac9338744f61a02 -> 
  custom:container-demuxer-ogg: 62fdf1f143b41e24485cea50d1cbac27 -> 
  custom:video-encoder-webm-vp8: eb34c28f22e8b96e1ab97ce403110664 -> 
  custom:video-codec-MediaFoundation-h265: 746d11721c4dcdbdad8f713fa42b33f4 -> 
  custom:video-decoder-webm-vp8: 9c59270c3fd7afecdb556c50c9e8de78 -> 
  custom:audio-decoder-ogg-vorbis: bf7c407c2cedff20999df2af8eb42d56 -> 
  custom:audio-encoder-webm-vorbis: bf7c407c2cedff20999df2af8eb42d56 -> 
========================================================================
Received Prepare
Registering precompiled user dll's ...
Registered in 0.004019 seconds.
Begin MonoManager ReloadAssembly
Native extension for WindowsStandalone target not found
Native extension for WebGL target not found
Refreshing native plugins compatible for Editor in 1.00 ms, found 3 plugins.
Preloading 0 native plugins for Editor in 0.00 ms.
Mono: successfully reloaded assembly
- Completed reload, in  0.801 seconds
Domain Reload Profiling:
	ReloadAssembly (802ms)
		BeginReloadAssembly (92ms)
			ExecutionOrderSort (0ms)
			DisableScriptedObjects (5ms)
			BackupInstance (0ms)
			ReleaseScriptingObjects (0ms)
			CreateAndSetChildDomain (30ms)
		EndReloadAssembly (666ms)
			LoadAssemblies (73ms)
			RebuildTransferFunctionScriptingTraits (0ms)
			SetupTypeCache (225ms)
			ReleaseScriptCaches (1ms)
			RebuildScriptCaches (34ms)
			SetupLoadedEditorAssemblies (253ms)
				LogAssemblyErrors (0ms)
				InitializePlatformSupportModulesInManaged (8ms)
				SetLoadedEditorAssemblies (1ms)
				RefreshPlugins (1ms)
				BeforeProcessingInitializeOnLoad (71ms)
				ProcessInitializeOnLoadAttributes (162ms)
				ProcessInitializeOnLoadMethodAttributes (8ms)
				AfterProcessingInitializeOnLoad (2ms)
				EditorAssembliesLoaded (0ms)
			ExecutionOrderSort2 (0ms)
			AwakeInstancesAfterBackupRestoration (8ms)
Platform modules already initialized, skipping
Refreshing native plugins compatible for Editor in 0.66 ms, found 3 plugins.
Preloading 0 native plugins for Editor in 0.00 ms.
Unloading 2262 Unused Serialized files (Serialized files now loaded: 0)
System memory in use before: 111.2 MB.
System memory in use after: 111.5 MB.

Unloading 17 unused Assets to reduce memory usage. Loaded Objects now: 2747.
Total: 2.689300 ms (FindLiveObjects: 0.151900 ms CreateObjectMapping: 0.147600 ms MarkObjects: 2.366500 ms  DeleteObjects: 0.021600 ms)

AssetImportParameters requested are different than current active one (requested -> active):
  custom:framework-win-MediaFoundation: 216162199b28c13a410421893ffa2e32 -> 
  custom:video-decoder-ogg-theora: a1e56fd34408186e4bbccfd4996cb3dc -> 
  custom:container-muxer-webm: aa71ff27fc2769a1b78a27578f13a17b -> 
  custom:container-demuxer-webm: 4f35f7cbe854078d1ac9338744f61a02 -> 
  custom:container-demuxer-ogg: 62fdf1f143b41e24485cea50d1cbac27 -> 
  custom:video-encoder-webm-vp8: eb34c28f22e8b96e1ab97ce403110664 -> 
  custom:video-codec-MediaFoundation-h265: 746d11721c4dcdbdad8f713fa42b33f4 -> 
  custom:video-decoder-webm-vp8: 9c59270c3fd7afecdb556c50c9e8de78 -> 
  custom:audio-decoder-ogg-vorbis: bf7c407c2cedff20999df2af8eb42d56 -> 
  custom:audio-encoder-webm-vorbis: bf7c407c2cedff20999df2af8eb42d56 -> 
========================================================================
Received Prepare
Registering precompiled user dll's ...
Registered in 0.002377 seconds.
Begin MonoManager ReloadAssembly
Native extension for WindowsStandalone target not found
Native extension for WebGL target not found
Refreshing native plugins compatible for Editor in 0.55 ms, found 3 plugins.
Preloading 0 native plugins for Editor in 0.00 ms.
Mono: successfully reloaded assembly
- Completed reload, in  0.906 seconds
Domain Reload Profiling:
	ReloadAssembly (907ms)
		BeginReloadAssembly (106ms)
			ExecutionOrderSort (0ms)
			DisableScriptedObjects (10ms)
			BackupInstance (0ms)
			ReleaseScriptingObjects (0ms)
			CreateAndSetChildDomain (31ms)
		EndReloadAssembly (753ms)
			LoadAssemblies (88ms)
			RebuildTransferFunctionScriptingTraits (0ms)
			SetupTypeCache (279ms)
			ReleaseScriptCaches (1ms)
			RebuildScriptCaches (45ms)
			SetupLoadedEditorAssemblies (256ms)
				LogAssemblyErrors (0ms)
				InitializePlatformSupportModulesInManaged (4ms)
				SetLoadedEditorAssemblies (0ms)
				RefreshPlugins (1ms)
				BeforeProcessingInitializeOnLoad (66ms)
				ProcessInitializeOnLoadAttributes (172ms)
				ProcessInitializeOnLoadMethodAttributes (11ms)
				AfterProcessingInitializeOnLoad (2ms)
				EditorAssembliesLoaded (0ms)
			ExecutionOrderSort2 (0ms)
			AwakeInstancesAfterBackupRestoration (11ms)
Platform modules already initialized, skipping
Refreshing native plugins compatible for Editor in 0.52 ms, found 3 plugins.
Preloading 0 native plugins for Editor in 0.00 ms.
Unloading 2262 Unused Serialized files (Serialized files now loaded: 0)
System memory in use before: 111.1 MB.
System memory in use after: 111.4 MB.

Unloading 17 unused Assets to reduce memory usage. Loaded Objects now: 2749.
Total: 2.468800 ms (FindLiveObjects: 0.160900 ms CreateObjectMapping: 0.051700 ms MarkObjects: 2.235300 ms  DeleteObjects: 0.019600 ms)

AssetImportParameters requested are different than current active one (requested -> active):
  custom:framework-win-MediaFoundation: 216162199b28c13a410421893ffa2e32 -> 
  custom:video-decoder-ogg-theora: a1e56fd34408186e4bbccfd4996cb3dc -> 
  custom:container-muxer-webm: aa71ff27fc2769a1b78a27578f13a17b -> 
  custom:container-demuxer-webm: 4f35f7cbe854078d1ac9338744f61a02 -> 
  custom:container-demuxer-ogg: 62fdf1f143b41e24485cea50d1cbac27 -> 
  custom:video-encoder-webm-vp8: eb34c28f22e8b96e1ab97ce403110664 -> 
  custom:video-codec-MediaFoundation-h265: 746d11721c4dcdbdad8f713fa42b33f4 -> 
  custom:video-decoder-webm-vp8: 9c59270c3fd7afecdb556c50c9e8de78 -> 
  custom:audio-decoder-ogg-vorbis: bf7c407c2cedff20999df2af8eb42d56 -> 
  custom:audio-encoder-webm-vorbis: bf7c407c2cedff20999df2af8eb42d56 -> 
========================================================================
Received Prepare
Registering precompiled user dll's ...
Registered in 0.002881 seconds.
Begin MonoManager ReloadAssembly
Native extension for WindowsStandalone target not found
Native extension for WebGL target not found
Refreshing native plugins compatible for Editor in 0.62 ms, found 3 plugins.
Preloading 0 native plugins for Editor in 0.00 ms.
Mono: successfully reloaded assembly
- Completed reload, in  1.193 seconds
Domain Reload Profiling:
	ReloadAssembly (1194ms)
		BeginReloadAssembly (145ms)
			ExecutionOrderSort (0ms)
			DisableScriptedObjects (10ms)
			BackupInstance (0ms)
			ReleaseScriptingObjects (0ms)
			CreateAndSetChildDomain (50ms)
		EndReloadAssembly (986ms)
			LoadAssemblies (118ms)
			RebuildTransferFunctionScriptingTraits (0ms)
			SetupTypeCache (354ms)
			ReleaseScriptCaches (1ms)
			RebuildScriptCaches (48ms)
			SetupLoadedEditorAssemblies (366ms)
				LogAssemblyErrors (0ms)
				InitializePlatformSupportModulesInManaged (14ms)
				SetLoadedEditorAssemblies (0ms)
				RefreshPlugins (1ms)
				BeforeProcessingInitializeOnLoad (91ms)
				ProcessInitializeOnLoadAttributes (248ms)
				ProcessInitializeOnLoadMethodAttributes (10ms)
				AfterProcessingInitializeOnLoad (2ms)
				EditorAssembliesLoaded (0ms)
			ExecutionOrderSort2 (0ms)
			AwakeInstancesAfterBackupRestoration (10ms)
Platform modules already initialized, skipping
Refreshing native plugins compatible for Editor in 0.65 ms, found 3 plugins.
Preloading 0 native plugins for Editor in 0.00 ms.
Unloading 2262 Unused Serialized files (Serialized files now loaded: 0)
System memory in use before: 111.2 MB.
System memory in use after: 111.5 MB.

Unloading 17 unused Assets to reduce memory usage. Loaded Objects now: 2751.
Total: 3.252200 ms (FindLiveObjects: 0.154700 ms CreateObjectMapping: 0.049600 ms MarkObjects: 3.022900 ms  DeleteObjects: 0.022400 ms)

AssetImportParameters requested are different than current active one (requested -> active):
  custom:framework-win-MediaFoundation: 216162199b28c13a410421893ffa2e32 -> 
  custom:video-decoder-ogg-theora: a1e56fd34408186e4bbccfd4996cb3dc -> 
  custom:container-muxer-webm: aa71ff27fc2769a1b78a27578f13a17b -> 
  custom:container-demuxer-webm: 4f35f7cbe854078d1ac9338744f61a02 -> 
  custom:container-demuxer-ogg: 62fdf1f143b41e24485cea50d1cbac27 -> 
  custom:video-encoder-webm-vp8: eb34c28f22e8b96e1ab97ce403110664 -> 
  custom:video-codec-MediaFoundation-h265: 746d11721c4dcdbdad8f713fa42b33f4 -> 
  custom:video-decoder-webm-vp8: 9c59270c3fd7afecdb556c50c9e8de78 -> 
  custom:audio-decoder-ogg-vorbis: bf7c407c2cedff20999df2af8eb42d56 -> 
  custom:audio-encoder-webm-vorbis: bf7c407c2cedff20999df2af8eb42d56 -> 
========================================================================
Received Prepare
Registering precompiled user dll's ...
Registered in 0.002621 seconds.
Begin MonoManager ReloadAssembly
Native extension for WindowsStandalone target not found
Native extension for WebGL target not found
Refreshing native plugins compatible for Editor in 0.61 ms, found 3 plugins.
Preloading 0 native plugins for Editor in 0.00 ms.
Mono: successfully reloaded assembly
- Completed reload, in  0.782 seconds
Domain Reload Profiling:
	ReloadAssembly (782ms)
		BeginReloadAssembly (90ms)
			ExecutionOrderSort (0ms)
			DisableScriptedObjects (4ms)
			BackupInstance (0ms)
			ReleaseScriptingObjects (0ms)
			CreateAndSetChildDomain (29ms)
		EndReloadAssembly (648ms)
			LoadAssemblies (73ms)
			RebuildTransferFunctionScriptingTraits (0ms)
			SetupTypeCache (228ms)
			ReleaseScriptCaches (1ms)
			RebuildScriptCaches (34ms)
			SetupLoadedEditorAssemblies (240ms)
				LogAssemblyErrors (0ms)
				InitializePlatformSupportModulesInManaged (5ms)
				SetLoadedEditorAssemblies (1ms)
				RefreshPlugins (1ms)
				BeforeProcessingInitializeOnLoad (64ms)
				ProcessInitializeOnLoadAttributes (159ms)
				ProcessInitializeOnLoadMethodAttributes (9ms)
				AfterProcessingInitializeOnLoad (2ms)
				EditorAssembliesLoaded (0ms)
			ExecutionOrderSort2 (0ms)
			AwakeInstancesAfterBackupRestoration (7ms)
Platform modules already initialized, skipping
Refreshing native plugins compatible for Editor in 0.50 ms, found 3 plugins.
Preloading 0 native plugins for Editor in 0.00 ms.
Unloading 2262 Unused Serialized files (Serialized files now loaded: 0)
System memory in use before: 111.3 MB.
System memory in use after: 111.5 MB.

Unloading 17 unused Assets to reduce memory usage. Loaded Objects now: 2753.
Total: 3.744100 ms (FindLiveObjects: 0.177000 ms CreateObjectMapping: 0.058200 ms MarkObjects: 3.447700 ms  DeleteObjects: 0.058900 ms)

AssetImportParameters requested are different than current active one (requested -> active):
  custom:framework-win-MediaFoundation: 216162199b28c13a410421893ffa2e32 -> 
  custom:video-decoder-ogg-theora: a1e56fd34408186e4bbccfd4996cb3dc -> 
  custom:container-muxer-webm: aa71ff27fc2769a1b78a27578f13a17b -> 
  custom:container-demuxer-webm: 4f35f7cbe854078d1ac9338744f61a02 -> 
  custom:container-demuxer-ogg: 62fdf1f143b41e24485cea50d1cbac27 -> 
  custom:video-encoder-webm-vp8: eb34c28f22e8b96e1ab97ce403110664 -> 
  custom:video-codec-MediaFoundation-h265: 746d11721c4dcdbdad8f713fa42b33f4 -> 
  custom:video-decoder-webm-vp8: 9c59270c3fd7afecdb556c50c9e8de78 -> 
  custom:audio-decoder-ogg-vorbis: bf7c407c2cedff20999df2af8eb42d56 -> 
  custom:audio-encoder-webm-vorbis: bf7c407c2cedff20999df2af8eb42d56 -> 
========================================================================
Received Import Request.
  Time since last request: 419.326261 seconds.
  path: Assets/Scripts/DialogueScripts/DialogueHolder.cs
  artifactKey: Guid(034bd55f52da79043b7398d0deaf6a09) Importer(815301076,1909f56bfc062723c751e8b465ee728b)
Start importing Assets/Scripts/DialogueScripts/DialogueHolder.cs using Guid(034bd55f52da79043b7398d0deaf6a09) Importer(815301076,1909f56bfc062723c751e8b465ee728b)  -> (artifact id: 'edc6a83debe2206c83366350fa12df18') in 0.025938 seconds 
  Import took 0.030093 seconds .

========================================================================
Received Import Request.
  Time since last request: 0.004666 seconds.
  path: Assets/Scripts/Inventory/InventoryObject.cs
  artifactKey: Guid(9da229d83d7f5404392bf91ee9cc9c7d) Importer(815301076,1909f56bfc062723c751e8b465ee728b)
Start importing Assets/Scripts/Inventory/InventoryObject.cs using Guid(9da229d83d7f5404392bf91ee9cc9c7d) Importer(815301076,1909f56bfc062723c751e8b465ee728b)  -> (artifact id: 'cbf982425db7be7c2d8f2820b279c2ba') in 0.005148 seconds 
  Import took 0.008878 seconds .

========================================================================
Received Import Request.
  Time since last request: 0.006488 seconds.
  path: Assets/Scenes/tutorial/broken Chaam.controller
  artifactKey: Guid(1eaa9e69472376b47bbfa38935f557ae) Importer(815301076,1909f56bfc062723c751e8b465ee728b)
Start importing Assets/Scenes/tutorial/broken Chaam.controller using Guid(1eaa9e69472376b47bbfa38935f557ae) Importer(815301076,1909f56bfc062723c751e8b465ee728b)  -> (artifact id: '330e86abb4a9e435bbc8fddc12324d55') in 0.033238 seconds 
  Import took 0.036887 seconds .

========================================================================
Received Import Request.
  Time since last request: 0.005172 seconds.
  path: Assets/Scripts/LevelSelectionSystem/HomeButton.cs
  artifactKey: Guid(8bd6990ac31e4334da2138e22469d50f) Importer(815301076,1909f56bfc062723c751e8b465ee728b)
Start importing Assets/Scripts/LevelSelectionSystem/HomeButton.cs using Guid(8bd6990ac31e4334da2138e22469d50f) Importer(815301076,1909f56bfc062723c751e8b465ee728b)  -> (artifact id: '60bf6d35d7c3c2db979076b7df62d799') in 0.005020 seconds 
  Import took 0.008368 seconds .

========================================================================
Received Import Request.
  Time since last request: 0.004738 seconds.
  path: Assets/Scripts/Inventory/Item/ChaamObject.cs
  artifactKey: Guid(a3b63acad6eb5b345954f27ee95f3f19) Importer(815301076,1909f56bfc062723c751e8b465ee728b)
Start importing Assets/Scripts/Inventory/Item/ChaamObject.cs using Guid(a3b63acad6eb5b345954f27ee95f3f19) Importer(815301076,1909f56bfc062723c751e8b465ee728b)  -> (artifact id: '471c8a7f3e45b0efa2fa1b42b895bb8d') in 0.006361 seconds 
  Import took 0.010495 seconds .

========================================================================
Received Import Request.
  Time since last request: 0.004775 seconds.
  path: Assets/Scripts/Database.cs
  artifactKey: Guid(609232c06f1169c41b1c4c0a78457164) Importer(815301076,1909f56bfc062723c751e8b465ee728b)
Start importing Assets/Scripts/Database.cs using Guid(609232c06f1169c41b1c4c0a78457164) Importer(815301076,1909f56bfc062723c751e8b465ee728b)  -> (artifact id: 'c41a0b24ccc8aacf82fe1a79e268703d') in 0.004479 seconds 
  Import took 0.007862 seconds .

========================================================================
Received Import Request.
  Time since last request: 0.004822 seconds.
  path: Assets/Scripts/TChaamController.cs
  artifactKey: Guid(249567881871d484e9d95f733ffe4041) Importer(815301076,1909f56bfc062723c751e8b465ee728b)
Start importing Assets/Scripts/TChaamController.cs using Guid(249567881871d484e9d95f733ffe4041) Importer(815301076,1909f56bfc062723c751e8b465ee728b)  -> (artifact id: 'da8471273b7a93669a7ef2ff3e451538') in 0.004484 seconds 
  Import took 0.008354 seconds .

========================================================================
Received Import Request.
  Time since last request: 0.005536 seconds.
  path: Assets/Scripts/PakRenders/CheephaRender.cs
  artifactKey: Guid(6f793d6eb58343f40a998521eb45bc47) Importer(815301076,1909f56bfc062723c751e8b465ee728b)
Start importing Assets/Scripts/PakRenders/CheephaRender.cs using Guid(6f793d6eb58343f40a998521eb45bc47) Importer(815301076,1909f56bfc062723c751e8b465ee728b)  -> (artifact id: '84f3fac8e5ba318bda88241d0d296708') in 0.004736 seconds 
  Import took 0.008378 seconds .

========================================================================
Received Import Request.
  Time since last request: 0.008531 seconds.
  path: Assets/Scenes/tutorial/broken_chaam_face_anim.anim
  artifactKey: Guid(f169f8df9a715a34d9d449bf160b00a3) Importer(815301076,1909f56bfc062723c751e8b465ee728b)
Start importing Assets/Scenes/tutorial/broken_chaam_face_anim.anim using Guid(f169f8df9a715a34d9d449bf160b00a3) Importer(815301076,1909f56bfc062723c751e8b465ee728b)  -> (artifact id: '8ec2961300165b8f7b4c4a63e0d09714') in 0.006459 seconds 
  Import took 0.009967 seconds .

========================================================================
Received Import Request.
  Time since last request: 0.005577 seconds.
  path: Assets/Scripts/LevelSelectionSystem/BackButton.cs
  artifactKey: Guid(66979e5749921b648b5ba7ed7b6092da) Importer(815301076,1909f56bfc062723c751e8b465ee728b)
Start importing Assets/Scripts/LevelSelectionSystem/BackButton.cs using Guid(66979e5749921b648b5ba7ed7b6092da) Importer(815301076,1909f56bfc062723c751e8b465ee728b)  -> (artifact id: 'e99e7b00872650aed1e50a12a0e4f17e') in 0.005332 seconds 
  Import took 0.009730 seconds .

========================================================================
Received Import Request.
  Time since last request: 0.001608 seconds.
  path: Assets/Scripts/Spawner.cs
  artifactKey: Guid(d4a9a768e4893fc45831b457c1aefd4c) Importer(815301076,1909f56bfc062723c751e8b465ee728b)
Start importing Assets/Scripts/Spawner.cs using Guid(d4a9a768e4893fc45831b457c1aefd4c) Importer(815301076,1909f56bfc062723c751e8b465ee728b)  -> (artifact id: 'e21b5a09f814e166ae2ca175ac082f18') in 0.005032 seconds 
  Import took 0.008986 seconds .

========================================================================
Received Import Request.
  Time since last request: 0.019462 seconds.
  path: Assets/Scenes/tutorial/shadow.anim
  artifactKey: Guid(8484891f8296a944cb441c1a04204df7) Importer(815301076,1909f56bfc062723c751e8b465ee728b)
Start importing Assets/Scenes/tutorial/shadow.anim using Guid(8484891f8296a944cb441c1a04204df7) Importer(815301076,1909f56bfc062723c751e8b465ee728b)  -> (artifact id: '4744094aa5a69f7b45833a8e72f552dd') in 0.005141 seconds 
  Import took 0.008695 seconds .

========================================================================
Received Import Request.
  Time since last request: 0.010242 seconds.
  path: Assets/Scripts/Tooltip/Tooltiptrigger.cs
  artifactKey: Guid(237f9a885d48b484db18675943319b91) Importer(815301076,1909f56bfc062723c751e8b465ee728b)
Start importing Assets/Scripts/Tooltip/Tooltiptrigger.cs using Guid(237f9a885d48b484db18675943319b91) Importer(815301076,1909f56bfc062723c751e8b465ee728b)  -> (artifact id: '263942baa04c16cca245cc4df02b1681') in 0.007167 seconds 
  Import took 0.010754 seconds .

========================================================================
Received Import Request.
  Time since last request: 0.004886 seconds.
  path: Assets/Scripts/Inventory/EventHandler/InventoryHandler.cs
  artifactKey: Guid(31d0144013be17d4ca42183e22086420) Importer(815301076,1909f56bfc062723c751e8b465ee728b)
Start importing Assets/Scripts/Inventory/EventHandler/InventoryHandler.cs using Guid(31d0144013be17d4ca42183e22086420) Importer(815301076,1909f56bfc062723c751e8b465ee728b)  -> (artifact id: '094470519428203073aec99ed4a62d74') in 0.004477 seconds 
  Import took 0.008058 seconds .

========================================================================
Received Import Request.
  Time since last request: 0.004811 seconds.
  path: Assets/Scripts/Inventory/Item/PakObject.cs
  artifactKey: Guid(fa098361363914746ba90fafd10589ea) Importer(815301076,1909f56bfc062723c751e8b465ee728b)
Start importing Assets/Scripts/Inventory/Item/PakObject.cs using Guid(fa098361363914746ba90fafd10589ea) Importer(815301076,1909f56bfc062723c751e8b465ee728b)  -> (artifact id: 'ec1e791573344cf8f2a792aa9691436d') in 0.004466 seconds 
  Import took 0.008227 seconds .

========================================================================
Received Import Request.
  Time since last request: 0.006217 seconds.
  path: Assets/Scenes/tutorial/Mah_EMOT 1_0.controller
  artifactKey: Guid(8fe9dbe45bdd2d945b15d838e7247208) Importer(815301076,1909f56bfc062723c751e8b465ee728b)
Start importing Assets/Scenes/tutorial/Mah_EMOT 1_0.controller using Guid(8fe9dbe45bdd2d945b15d838e7247208) Importer(815301076,1909f56bfc062723c751e8b465ee728b)  -> (artifact id: '4509a62fe27beabb5d05c8f07f55c0a1') in 0.005851 seconds 
  Import took 0.009402 seconds .

========================================================================
Received Import Request.
  Time since last request: 0.004770 seconds.
  path: Assets/Scripts/LevelSelectionSystem/LevelManager.cs
  artifactKey: Guid(45fac722a8987724ebd3942034c0d238) Importer(815301076,1909f56bfc062723c751e8b465ee728b)
Start importing Assets/Scripts/LevelSelectionSystem/LevelManager.cs using Guid(45fac722a8987724ebd3942034c0d238) Importer(815301076,1909f56bfc062723c751e8b465ee728b)  -> (artifact id: 'bb4b54a0b5fad1b055df6311b31b4720') in 0.004471 seconds 
  Import took 0.007837 seconds .

========================================================================
Received Import Request.
  Time since last request: 0.004856 seconds.
  path: Assets/Scripts/BattleScene/CharacterHolder.cs
  artifactKey: Guid(f2684ae13f9d3334dbea21ba462ef30a) Importer(815301076,1909f56bfc062723c751e8b465ee728b)
Start importing Assets/Scripts/BattleScene/CharacterHolder.cs using Guid(f2684ae13f9d3334dbea21ba462ef30a) Importer(815301076,1909f56bfc062723c751e8b465ee728b)  -> (artifact id: '5290c207675be4931bd8904c2ec138b2') in 0.006622 seconds 
  Import took 0.010200 seconds .

========================================================================
Received Import Request.
  Time since last request: 0.013998 seconds.
  path: Assets/Scripts/DialogueScripts/DialogueBasesClass.cs
  artifactKey: Guid(d5d170ce0a249b74ea60f000a3c1661f) Importer(815301076,1909f56bfc062723c751e8b465ee728b)
Start importing Assets/Scripts/DialogueScripts/DialogueBasesClass.cs using Guid(d5d170ce0a249b74ea60f000a3c1661f) Importer(815301076,1909f56bfc062723c751e8b465ee728b)  -> (artifact id: 'd151664a165ef4107a24abb35c579678') in 0.004691 seconds 
  Import took 0.007980 seconds .

========================================================================
Received Import Request.
  Time since last request: 0.006105 seconds.
  path: Assets/Scripts/Skills/Skill.cs
  artifactKey: Guid(be298742c5f83084d947e2001d8bd3cf) Importer(815301076,1909f56bfc062723c751e8b465ee728b)
Start importing Assets/Scripts/Skills/Skill.cs using Guid(be298742c5f83084d947e2001d8bd3cf) Importer(815301076,1909f56bfc062723c751e8b465ee728b)  -> (artifact id: '825381c69c95a90b71a3ba858afdbc16') in 0.004676 seconds 
  Import took 0.008634 seconds .

========================================================================
Received Import Request.
  Time since last request: 0.004461 seconds.
  path: Assets/Scripts/PakRenders/CarrotRender.cs
  artifactKey: Guid(37c071d858fcbce48957fc365ec87823) Importer(815301076,1909f56bfc062723c751e8b465ee728b)
Start importing Assets/Scripts/PakRenders/CarrotRender.cs using Guid(37c071d858fcbce48957fc365ec87823) Importer(815301076,1909f56bfc062723c751e8b465ee728b)  -> (artifact id: '1f1a9b274970c436b1e5e375ea24fbfd') in 0.004762 seconds 
  Import took 0.008456 seconds .

========================================================================
Received Import Request.
  Time since last request: 0.004678 seconds.
  path: Assets/Scenes/tutorial/broken_chaam_scary_anim.anim
  artifactKey: Guid(16a0308ac9cb81f43b929e2e772d2b3b) Importer(815301076,1909f56bfc062723c751e8b465ee728b)
Start importing Assets/Scenes/tutorial/broken_chaam_scary_anim.anim using Guid(16a0308ac9cb81f43b929e2e772d2b3b) Importer(815301076,1909f56bfc062723c751e8b465ee728b)  -> (artifact id: '6e15123b254950c53c57e8105f7fa50d') in 0.006581 seconds 
  Import took 0.010295 seconds .

========================================================================
Received Import Request.
  Time since last request: 0.036025 seconds.
  path: Assets/Scripts/Inventory/Item/Database/ItemDatabaseObject.cs
  artifactKey: Guid(7a0609b0715d3a34b8daeecafb0a31ed) Importer(815301076,1909f56bfc062723c751e8b465ee728b)
Start importing Assets/Scripts/Inventory/Item/Database/ItemDatabaseObject.cs using Guid(7a0609b0715d3a34b8daeecafb0a31ed) Importer(815301076,1909f56bfc062723c751e8b465ee728b)  -> (artifact id: '2e6ec49f220afeaf3931db71621947d5') in 0.004554 seconds 
  Import took 0.007908 seconds .

========================================================================
Received Import Request.
  Time since last request: 0.004741 seconds.
  path: Assets/Scripts/Skills/TargetOneAlliance/VanillaHealOne.cs
  artifactKey: Guid(51a5c401cbeb8bb4eab82dd573ccce35) Importer(815301076,1909f56bfc062723c751e8b465ee728b)
Start importing Assets/Scripts/Skills/TargetOneAlliance/VanillaHealOne.cs using Guid(51a5c401cbeb8bb4eab82dd573ccce35) Importer(815301076,1909f56bfc062723c751e8b465ee728b)  -> (artifact id: 'ff81850bfc089c341a955329eb951724') in 0.004674 seconds 
  Import took 0.007970 seconds .

========================================================================
Received Import Request.
  Time since last request: 0.007592 seconds.
  path: Assets/Scripts/Skills/TargetAllAlliances/VanillaBuffAtkAll.cs
  artifactKey: Guid(88ef2cd89025ded41bb9a3b1115a39a1) Importer(815301076,1909f56bfc062723c751e8b465ee728b)
Start importing Assets/Scripts/Skills/TargetAllAlliances/VanillaBuffAtkAll.cs using Guid(88ef2cd89025ded41bb9a3b1115a39a1) Importer(815301076,1909f56bfc062723c751e8b465ee728b)  -> (artifact id: '04cfc4c581505598898c291100b5a4c0') in 0.004658 seconds 
  Import took 0.008341 seconds .

========================================================================
Received Import Request.
  Time since last request: 0.008754 seconds.
  path: Assets/Scripts/BattleScene/BattleLogic/ICommand.cs
  artifactKey: Guid(12d6b81b3e34c104b9ca2a78092aed9d) Importer(815301076,1909f56bfc062723c751e8b465ee728b)
Start importing Assets/Scripts/BattleScene/BattleLogic/ICommand.cs using Guid(12d6b81b3e34c104b9ca2a78092aed9d) Importer(815301076,1909f56bfc062723c751e8b465ee728b)  -> (artifact id: 'eb01fd625ca66faccfb688a36b9d2258') in 0.004345 seconds 
  Import took 0.007751 seconds .

========================================================================
Received Import Request.
  Time since last request: 0.010697 seconds.
  path: Assets/Scripts/CharacterSelecter.cs
  artifactKey: Guid(96a44a334bb27b746b332b1a7dff6d6f) Importer(815301076,1909f56bfc062723c751e8b465ee728b)
Start importing Assets/Scripts/CharacterSelecter.cs using Guid(96a44a334bb27b746b332b1a7dff6d6f) Importer(815301076,1909f56bfc062723c751e8b465ee728b)  -> (artifact id: '929db7584f7de0dd2ed15356c49f510c') in 0.004683 seconds 
  Import took 0.008248 seconds .

========================================================================
Received Import Request.
  Time since last request: 0.004723 seconds.
  path: Assets/Scripts/LevelSelectionSystem/LevelSelection.cs
  artifactKey: Guid(f72884b32d186744fa7b840cbe039bb6) Importer(815301076,1909f56bfc062723c751e8b465ee728b)
Start importing Assets/Scripts/LevelSelectionSystem/LevelSelection.cs using Guid(f72884b32d186744fa7b840cbe039bb6) Importer(815301076,1909f56bfc062723c751e8b465ee728b)  -> (artifact id: '0f610cc342b05ea50a64d779c422f01d') in 0.004641 seconds 
  Import took 0.008122 seconds .

========================================================================
Received Import Request.
  Time since last request: 0.005705 seconds.
  path: Assets/Scripts/Inventory/DisplayInventory.cs
  artifactKey: Guid(11cbb2bcadb4f7643a2bad1d6fa9c18b) Importer(815301076,1909f56bfc062723c751e8b465ee728b)
Start importing Assets/Scripts/Inventory/DisplayInventory.cs using Guid(11cbb2bcadb4f7643a2bad1d6fa9c18b) Importer(815301076,1909f56bfc062723c751e8b465ee728b)  -> (artifact id: '61c6c911e4186968627cf86d3f57fa78') in 0.005230 seconds 
  Import took 0.008790 seconds .

========================================================================
Received Import Request.
  Time since last request: 0.012382 seconds.
  path: Assets/Scripts/LevelSelectionSystem/AdventureButton.cs
  artifactKey: Guid(b8cee3ca5fc16984bb3257ef8f456e81) Importer(815301076,1909f56bfc062723c751e8b465ee728b)
Start importing Assets/Scripts/LevelSelectionSystem/AdventureButton.cs using Guid(b8cee3ca5fc16984bb3257ef8f456e81) Importer(815301076,1909f56bfc062723c751e8b465ee728b)  -> (artifact id: '6170b3db08b3fa22ad210d6c19c75453') in 0.004531 seconds 
  Import took 0.007974 seconds .

========================================================================
Received Import Request.
  Time since last request: 0.005723 seconds.
  path: Assets/Scripts/Inventory/Item/SupportObject.cs
  artifactKey: Guid(8ffbd3a15d2b87341a7b5dea783aaa92) Importer(815301076,1909f56bfc062723c751e8b465ee728b)
Start importing Assets/Scripts/Inventory/Item/SupportObject.cs using Guid(8ffbd3a15d2b87341a7b5dea783aaa92) Importer(815301076,1909f56bfc062723c751e8b465ee728b)  -> (artifact id: '447ad5f39291b143b8b20a2fc8b44e08') in 0.004829 seconds 
  Import took 0.008270 seconds .

========================================================================
Received Import Request.
  Time since last request: 0.008758 seconds.
  path: Assets/Scripts/PakRenders/TonhomRender.cs
  artifactKey: Guid(6b561fd0733840d47b2e2852008bef84) Importer(815301076,1909f56bfc062723c751e8b465ee728b)
Start importing Assets/Scripts/PakRenders/TonhomRender.cs using Guid(6b561fd0733840d47b2e2852008bef84) Importer(815301076,1909f56bfc062723c751e8b465ee728b)  -> (artifact id: '32c7f7a1403343a53a001994238efc06') in 0.004626 seconds 
  Import took 0.007944 seconds .

========================================================================
Received Import Request.
  Time since last request: 0.008120 seconds.
  path: Assets/Scripts/Inventory/Item/ItemObject.cs
  artifactKey: Guid(1d6befe097e8ec74a998b5722b30bd04) Importer(815301076,1909f56bfc062723c751e8b465ee728b)
Start importing Assets/Scripts/Inventory/Item/ItemObject.cs using Guid(1d6befe097e8ec74a998b5722b30bd04) Importer(815301076,1909f56bfc062723c751e8b465ee728b)  -> (artifact id: 'c920f87760645ace2f58cd7e28a6f734') in 0.005357 seconds 
  Import took 0.009339 seconds .

========================================================================
Received Import Request.
  Time since last request: 0.001779 seconds.
  path: Assets/Scripts/Skills/TargetWholeField/Buum.cs
  artifactKey: Guid(c3578a5b04a1d454582c70c73876f334) Importer(815301076,1909f56bfc062723c751e8b465ee728b)
Start importing Assets/Scripts/Skills/TargetWholeField/Buum.cs using Guid(c3578a5b04a1d454582c70c73876f334) Importer(815301076,1909f56bfc062723c751e8b465ee728b)  -> (artifact id: 'e3a89370cf8b6de8b0bb91194a70472b') in 0.004521 seconds 
  Import took 0.007923 seconds .

========================================================================
Received Import Request.
  Time since last request: 0.006120 seconds.
  path: Assets/Scenes/tutorial/Circle 1.controller
  artifactKey: Guid(745dfd355791fb945959f58647390413) Importer(815301076,1909f56bfc062723c751e8b465ee728b)
Start importing Assets/Scenes/tutorial/Circle 1.controller using Guid(745dfd355791fb945959f58647390413) Importer(815301076,1909f56bfc062723c751e8b465ee728b)  -> (artifact id: '608115137ae396a4f6e74504c2a614ea') in 0.006669 seconds 
  Import took 0.009933 seconds .

========================================================================
Received Import Request.
  Time since last request: 0.018723 seconds.
  path: Assets/Scenes/Battle-1-2.unity
  artifactKey: Guid(08a5354ba0d6a644cbe93c066252f1bd) Importer(815301076,1909f56bfc062723c751e8b465ee728b)
Start importing Assets/Scenes/Battle-1-2.unity using Guid(08a5354ba0d6a644cbe93c066252f1bd) Importer(815301076,1909f56bfc062723c751e8b465ee728b)  -> (artifact id: 'f29b6f40420dcc4de7131d4a70546ca0') in 0.001589 seconds 
  Import took 0.005808 seconds .

========================================================================
Received Import Request.
  Time since last request: 0.005131 seconds.
  path: Assets/Scripts/Skills/TargetOneEnemy/VanillaAttackOne.cs
  artifactKey: Guid(6b10eff096be6a94ba0879ebb33a7392) Importer(815301076,1909f56bfc062723c751e8b465ee728b)
Start importing Assets/Scripts/Skills/TargetOneEnemy/VanillaAttackOne.cs using Guid(6b10eff096be6a94ba0879ebb33a7392) Importer(815301076,1909f56bfc062723c751e8b465ee728b)  -> (artifact id: 'e3b9d7f7bd02e849f92fdf9856f8eabf') in 0.005242 seconds 
  Import took 0.009368 seconds .

========================================================================
Received Import Request.
  Time since last request: 0.005858 seconds.
  path: Assets/Scripts/BattleScene/BattleManager.cs
  artifactKey: Guid(67f5b1ec7d56c714a96ef553003fd49d) Importer(815301076,1909f56bfc062723c751e8b465ee728b)
Start importing Assets/Scripts/BattleScene/BattleManager.cs using Guid(67f5b1ec7d56c714a96ef553003fd49d) Importer(815301076,1909f56bfc062723c751e8b465ee728b)  -> (artifact id: '880b1db57bf0680f2be299f442fd5cab') in 0.004536 seconds 
  Import took 0.008357 seconds .

========================================================================
Received Import Request.
  Time since last request: 0.004773 seconds.
  path: Assets/Scripts/Inventory/EventHandler/ImageHandler.cs
  artifactKey: Guid(eeddb1540e9da03418e52de13a6e4987) Importer(815301076,1909f56bfc062723c751e8b465ee728b)
Start importing Assets/Scripts/Inventory/EventHandler/ImageHandler.cs using Guid(eeddb1540e9da03418e52de13a6e4987) Importer(815301076,1909f56bfc062723c751e8b465ee728b)  -> (artifact id: 'e0d783433f4b220907fd288fddac46a1') in 0.006164 seconds 
  Import took 0.010121 seconds .

========================================================================
Received Import Request.
  Time since last request: 0.001560 seconds.
  path: Assets/Scripts/PakRenders/EggplantRender.cs
  artifactKey: Guid(d5e73f7e42cba3247a214c1f24ceec0f) Importer(815301076,1909f56bfc062723c751e8b465ee728b)
Start importing Assets/Scripts/PakRenders/EggplantRender.cs using Guid(d5e73f7e42cba3247a214c1f24ceec0f) Importer(815301076,1909f56bfc062723c751e8b465ee728b)  -> (artifact id: 'bfcd8ba84558dea04a86e605d25cd82d') in 0.004514 seconds 
  Import took 0.008557 seconds .

========================================================================
Received Import Request.
  Time since last request: 0.021748 seconds.
  path: Assets/Scenes/tutorial
  artifactKey: Guid(35d5c6fc52285b44ba8f803cf9fbef5f) Importer(815301076,1909f56bfc062723c751e8b465ee728b)
Start importing Assets/Scenes/tutorial using Guid(35d5c6fc52285b44ba8f803cf9fbef5f) Importer(815301076,1909f56bfc062723c751e8b465ee728b)  -> (artifact id: '31fa9a0508d73e1ea3fa20039696a427') in 0.004563 seconds 
  Import took 0.008021 seconds .

========================================================================
Received Import Request.
  Time since last request: 0.016677 seconds.
  path: Assets/Scripts/BattleScene/CharacterManager.cs
  artifactKey: Guid(a6404a7daf12a1f4b903044f656c9994) Importer(815301076,1909f56bfc062723c751e8b465ee728b)
Start importing Assets/Scripts/BattleScene/CharacterManager.cs using Guid(a6404a7daf12a1f4b903044f656c9994) Importer(815301076,1909f56bfc062723c751e8b465ee728b)  -> (artifact id: 'ede0cee575bb6467643df0f0338e9ea3') in 0.005999 seconds 
  Import took 0.009422 seconds .

========================================================================
Received Import Request.
  Time since last request: 0.004756 seconds.
  path: Assets/Scenes/tutorial/mah_anim.anim
  artifactKey: Guid(85186bd8cb7c24b43ae4ef9a31fd990b) Importer(815301076,1909f56bfc062723c751e8b465ee728b)
Start importing Assets/Scenes/tutorial/mah_anim.anim using Guid(85186bd8cb7c24b43ae4ef9a31fd990b) Importer(815301076,1909f56bfc062723c751e8b465ee728b)  -> (artifact id: 'df2defc596875828909d2fa2b82492e0') in 0.005198 seconds 
  Import took 0.009042 seconds .

========================================================================
Received Import Request.
  Time since last request: 0.008424 seconds.
  path: Assets/Scripts/LevelSelectionSystem/MapButton.cs
  artifactKey: Guid(7214a073b64a64f48b936858b71c4006) Importer(815301076,1909f56bfc062723c751e8b465ee728b)
Start importing Assets/Scripts/LevelSelectionSystem/MapButton.cs using Guid(7214a073b64a64f48b936858b71c4006) Importer(815301076,1909f56bfc062723c751e8b465ee728b)  -> (artifact id: 'bd530a67ddf269b231c497eb59b6d3e7') in 0.005235 seconds 
  Import took 0.008465 seconds .

========================================================================
Received Import Request.
  Time since last request: 0.001604 seconds.
  path: Assets/Scripts/LevelLoader.cs
  artifactKey: Guid(6cca079ef37b3184489f588c71413ca7) Importer(815301076,1909f56bfc062723c751e8b465ee728b)
Start importing Assets/Scripts/LevelLoader.cs using Guid(6cca079ef37b3184489f588c71413ca7) Importer(815301076,1909f56bfc062723c751e8b465ee728b)  -> (artifact id: '1623471a6c583e1f9c3b74acfa7e7589') in 0.005084 seconds 
  Import took 0.008638 seconds .

========================================================================
Received Import Request.
  Time since last request: 0.008507 seconds.
  path: Assets/Scripts/DialogueScripts/AnimationController.cs
  artifactKey: Guid(dd48efb39799ccd44ae72999d25a4e79) Importer(815301076,1909f56bfc062723c751e8b465ee728b)
Start importing Assets/Scripts/DialogueScripts/AnimationController.cs using Guid(dd48efb39799ccd44ae72999d25a4e79) Importer(815301076,1909f56bfc062723c751e8b465ee728b)  -> (artifact id: '3c5c118810169ef3801584f78964512f') in 0.004519 seconds 
  Import took 0.008053 seconds .

========================================================================
Received Import Request.
  Time since last request: 0.006536 seconds.
  path: Assets/Scenes/tutorial/Circle.controller
  artifactKey: Guid(8bd16b12df9a3ae4396cf222b82fd9f0) Importer(815301076,1909f56bfc062723c751e8b465ee728b)
Start importing Assets/Scenes/tutorial/Circle.controller using Guid(8bd16b12df9a3ae4396cf222b82fd9f0) Importer(815301076,1909f56bfc062723c751e8b465ee728b)  -> (artifact id: '867580fae5f402de014dbaf61eaf3f20') in 0.005442 seconds 
  Import took 0.009260 seconds .

========================================================================
Received Import Request.
  Time since last request: 0.012794 seconds.
  path: Assets/Scripts/Inventory/Item/Item.cs
  artifactKey: Guid(9270e1b0f8622014faa3321aa9c53676) Importer(815301076,1909f56bfc062723c751e8b465ee728b)
Start importing Assets/Scripts/Inventory/Item/Item.cs using Guid(9270e1b0f8622014faa3321aa9c53676) Importer(815301076,1909f56bfc062723c751e8b465ee728b)  -> (artifact id: 'bfabc8bdcd1f22f4e5dcdebd63acebe0') in 0.004582 seconds 
  Import took 0.007908 seconds .

========================================================================
Received Import Request.
  Time since last request: 0.005432 seconds.
  path: Assets/Scripts/BattleScene/BattleLogic/AIController.cs
  artifactKey: Guid(2499b6192d666f949aff6e698cfe79ea) Importer(815301076,1909f56bfc062723c751e8b465ee728b)
Start importing Assets/Scripts/BattleScene/BattleLogic/AIController.cs using Guid(2499b6192d666f949aff6e698cfe79ea) Importer(815301076,1909f56bfc062723c751e8b465ee728b)  -> (artifact id: '420675b2e03f04427dc31ac5c472ee42') in 0.004711 seconds 
  Import took 0.007734 seconds .

========================================================================
Received Import Request.
  Time since last request: 0.032935 seconds.
  path: Assets/Scripts/BattleScene/BattleLogic/ActionCommand.cs
  artifactKey: Guid(3f08bebc697289d4ba0912efca37070b) Importer(815301076,1909f56bfc062723c751e8b465ee728b)
Start importing Assets/Scripts/BattleScene/BattleLogic/ActionCommand.cs using Guid(3f08bebc697289d4ba0912efca37070b) Importer(815301076,1909f56bfc062723c751e8b465ee728b)  -> (artifact id: 'd1020fe9edaaaa6e17c9f759df6cfbd4') in 0.004722 seconds 
  Import took 0.008035 seconds .

========================================================================
Received Import Request.
  Time since last request: 0.005083 seconds.
  path: Assets/Scripts/PakRenders/PrikthaiRender.cs
  artifactKey: Guid(3a26dddd10d0d064896bc42c2a651754) Importer(815301076,1909f56bfc062723c751e8b465ee728b)
Start importing Assets/Scripts/PakRenders/PrikthaiRender.cs using Guid(3a26dddd10d0d064896bc42c2a651754) Importer(815301076,1909f56bfc062723c751e8b465ee728b)  -> (artifact id: 'b09f5e6da56843e0b50218f2da4af75b') in 0.004446 seconds 
  Import took 0.009539 seconds .

========================================================================
Received Import Request.
  Time since last request: 0.006748 seconds.
  path: Assets/Scripts/Entities/Entity.cs
  artifactKey: Guid(b2124922e4ca9a142a12d5c1b216135d) Importer(815301076,1909f56bfc062723c751e8b465ee728b)
Start importing Assets/Scripts/Entities/Entity.cs using Guid(b2124922e4ca9a142a12d5c1b216135d) Importer(815301076,1909f56bfc062723c751e8b465ee728b)  -> (artifact id: '97aa92ca1ff5b1066e4ec2ea82c6cab7') in 0.005456 seconds 
  Import took 0.008912 seconds .

========================================================================
Received Import Request.
  Time since last request: 0.005283 seconds.
  path: Assets/Scripts/Tooltip/TooltipScreenSpaceUI.cs
  artifactKey: Guid(4ce51fdf7e3f9d14f8d6a29c46518166) Importer(815301076,1909f56bfc062723c751e8b465ee728b)
Start importing Assets/Scripts/Tooltip/TooltipScreenSpaceUI.cs using Guid(4ce51fdf7e3f9d14f8d6a29c46518166) Importer(815301076,1909f56bfc062723c751e8b465ee728b)  -> (artifact id: '8778489b5640e4dbded00cb256667a15') in 0.004669 seconds 
  Import took 0.008407 seconds .

========================================================================
Received Import Request.
  Time since last request: 0.005725 seconds.
  path: Assets/Scenes/tutorial/broken-Chaam-EMOT_0 1.controller
  artifactKey: Guid(296775d5ff7a63443bda3e53c44da40c) Importer(815301076,1909f56bfc062723c751e8b465ee728b)
Start importing Assets/Scenes/tutorial/broken-Chaam-EMOT_0 1.controller using Guid(296775d5ff7a63443bda3e53c44da40c) Importer(815301076,1909f56bfc062723c751e8b465ee728b)  -> (artifact id: '09938ad32622ee87c2e1021882026a69') in 0.005943 seconds 
  Import took 0.009359 seconds .

========================================================================
Received Import Request.
  Time since last request: 0.004604 seconds.
  path: Assets/Scenes/tutorial/dog.controller
  artifactKey: Guid(7bf0dd6194d83774eae05a39343265e8) Importer(815301076,1909f56bfc062723c751e8b465ee728b)
Start importing Assets/Scenes/tutorial/dog.controller using Guid(7bf0dd6194d83774eae05a39343265e8) Importer(815301076,1909f56bfc062723c751e8b465ee728b)  -> (artifact id: 'b0152270c81f6c9aae28e7b01c7cec85') in 0.005223 seconds 
  Import took 0.008708 seconds .

========================================================================
Received Import Request.
  Time since last request: 0.014665 seconds.
  path: Assets/Scenes/tutorial/Mah_EMOT 1.png
  artifactKey: Guid(940e2de57980d6d479bf9a69b3435dda) Importer(815301076,1909f56bfc062723c751e8b465ee728b)
Start importing Assets/Scenes/tutorial/Mah_EMOT 1.png using Guid(940e2de57980d6d479bf9a69b3435dda) Importer(815301076,1909f56bfc062723c751e8b465ee728b)  -> (artifact id: '2a05621db13bb975c1c285dd6bbcb5b5') in 0.112668 seconds 
  Import took 0.115878 seconds .

========================================================================
Received Import Request.
  Time since last request: 0.004852 seconds.
  path: Assets/Scripts/Skills/TargetOneAlliance/VanillaBuffAtkOne.cs
  artifactKey: Guid(16d1663e7a464d74b82f3bda764a5841) Importer(815301076,1909f56bfc062723c751e8b465ee728b)
Start importing Assets/Scripts/Skills/TargetOneAlliance/VanillaBuffAtkOne.cs using Guid(16d1663e7a464d74b82f3bda764a5841) Importer(815301076,1909f56bfc062723c751e8b465ee728b)  -> (artifact id: '8afa1337beddc43d51afc51f10f58e05') in 0.005823 seconds 
  Import took 0.009741 seconds .

========================================================================
Received Import Request.
  Time since last request: 0.013515 seconds.
  path: Assets/Scripts/DialogueScripts/TutorialHolder.cs
  artifactKey: Guid(afc137bd348fdf44bac1d6c2a910eb4b) Importer(815301076,1909f56bfc062723c751e8b465ee728b)
Start importing Assets/Scripts/DialogueScripts/TutorialHolder.cs using Guid(afc137bd348fdf44bac1d6c2a910eb4b) Importer(815301076,1909f56bfc062723c751e8b465ee728b)  -> (artifact id: '648c4b4df768fb671df2b73ce9bf5be1') in 0.004467 seconds 
  Import took 0.007972 seconds .

========================================================================
Received Import Request.
  Time since last request: 0.001478 seconds.
  path: Assets/Scripts/PakRenders/Chaamrender_temp.cs
  artifactKey: Guid(53a53f634998ea64b9b92fde30d0c0ec) Importer(815301076,1909f56bfc062723c751e8b465ee728b)
Start importing Assets/Scripts/PakRenders/Chaamrender_temp.cs using Guid(53a53f634998ea64b9b92fde30d0c0ec) Importer(815301076,1909f56bfc062723c751e8b465ee728b)  -> (artifact id: '605bf1eac7a6d6934a366f00467b95b3') in 0.005326 seconds 
  Import took 0.008872 seconds .

========================================================================
Received Import Request.
  Time since last request: 0.004554 seconds.
  path: Assets/Scripts/PakRenders/NormalprikRender.cs
  artifactKey: Guid(884b4132343da414b9571fe40fe3c91e) Importer(815301076,1909f56bfc062723c751e8b465ee728b)
Start importing Assets/Scripts/PakRenders/NormalprikRender.cs using Guid(884b4132343da414b9571fe40fe3c91e) Importer(815301076,1909f56bfc062723c751e8b465ee728b)  -> (artifact id: 'b3d90aa8557b4fb5f1743a3b6f83f68b') in 0.004448 seconds 
  Import took 0.007796 seconds .

========================================================================
Received Import Request.
  Time since last request: 0.005747 seconds.
  path: Assets/Scripts/SkillUI.cs
  artifactKey: Guid(5e3d46233d1c0e4408238bfca5737a2c) Importer(815301076,1909f56bfc062723c751e8b465ee728b)
Start importing Assets/Scripts/SkillUI.cs using Guid(5e3d46233d1c0e4408238bfca5737a2c) Importer(815301076,1909f56bfc062723c751e8b465ee728b)  -> (artifact id: '9609898eb6927618da20ee457f4eb2ab') in 0.004166 seconds 
  Import took 0.007997 seconds .

========================================================================
Received Import Request.
  Time since last request: 0.006583 seconds.
  path: Assets/Scripts/SwitchTab.cs
  artifactKey: Guid(59164cf636af2a54886dcb202c567e6b) Importer(815301076,1909f56bfc062723c751e8b465ee728b)
Start importing Assets/Scripts/SwitchTab.cs using Guid(59164cf636af2a54886dcb202c567e6b) Importer(815301076,1909f56bfc062723c751e8b465ee728b)  -> (artifact id: '3f1f34e00b45fc049aa2f419aea2224b') in 0.004559 seconds 
  Import took 0.007949 seconds .

========================================================================
Received Import Request.
  Time since last request: 0.008681 seconds.
  path: Assets/Scripts/Skills/TargetOneAlliance/VanillaGainSPOne.cs
  artifactKey: Guid(9ce1060b059a5944397dd03accdb4e34) Importer(815301076,1909f56bfc062723c751e8b465ee728b)
Start importing Assets/Scripts/Skills/TargetOneAlliance/VanillaGainSPOne.cs using Guid(9ce1060b059a5944397dd03accdb4e34) Importer(815301076,1909f56bfc062723c751e8b465ee728b)  -> (artifact id: 'f601bfafb15acce89956ea8790be36f2') in 0.004511 seconds 
  Import took 0.008202 seconds .

========================================================================
Received Import Request.
  Time since last request: 0.007129 seconds.
  path: Assets/Scripts/PakRenders/PakRender.cs
  artifactKey: Guid(f3a9d51ae10a1464db427de83df956a6) Importer(815301076,1909f56bfc062723c751e8b465ee728b)
Start importing Assets/Scripts/PakRenders/PakRender.cs using Guid(f3a9d51ae10a1464db427de83df956a6) Importer(815301076,1909f56bfc062723c751e8b465ee728b)  -> (artifact id: '31bc5d2ea95cc4c6340ace5ff63e1d71') in 0.004984 seconds 
  Import took 0.008934 seconds .

========================================================================
Received Import Request.
  Time since last request: 0.004484 seconds.
  path: Assets/Scenes/tutorial/tonhum_face_anim.anim
  artifactKey: Guid(6ec2565cb181daa4b82a3fe64fa6eb9a) Importer(815301076,1909f56bfc062723c751e8b465ee728b)
Start importing Assets/Scenes/tutorial/tonhum_face_anim.anim using Guid(6ec2565cb181daa4b82a3fe64fa6eb9a) Importer(815301076,1909f56bfc062723c751e8b465ee728b)  -> (artifact id: 'a6c907721b16660757f7ab2219c5e268') in 0.005097 seconds 
  Import took 0.008936 seconds .

========================================================================
Received Import Request.
  Time since last request: 0.010243 seconds.
  path: Assets/Scenes/tutorial/broken-Chaam-EMOT_0.controller
  artifactKey: Guid(f5aae338046015b41969a7eb16b3b423) Importer(815301076,1909f56bfc062723c751e8b465ee728b)
Start importing Assets/Scenes/tutorial/broken-Chaam-EMOT_0.controller using Guid(f5aae338046015b41969a7eb16b3b423) Importer(815301076,1909f56bfc062723c751e8b465ee728b)  -> (artifact id: '8d0a7ba1cd36e139b0e6d8b65e655400') in 0.005577 seconds 
  Import took 0.008975 seconds .

========================================================================
Received Import Request.
  Time since last request: 0.005072 seconds.
  path: Assets/Scripts/DialogueScripts/TutorialLine.cs
  artifactKey: Guid(fd8d3e4dff0a1d548976e8a74173413e) Importer(815301076,1909f56bfc062723c751e8b465ee728b)
Start importing Assets/Scripts/DialogueScripts/TutorialLine.cs using Guid(fd8d3e4dff0a1d548976e8a74173413e) Importer(815301076,1909f56bfc062723c751e8b465ee728b)  -> (artifact id: '16621c1c2a72a04654ff937a7130b1cc') in 0.004880 seconds 
  Import took 0.008338 seconds .

========================================================================
Received Import Request.
  Time since last request: 0.014180 seconds.
  path: Assets/Scripts/DialogueScripts/DialogueLine.cs
  artifactKey: Guid(3cff69e2dc0638d45a4265cfc8690620) Importer(815301076,1909f56bfc062723c751e8b465ee728b)
Start importing Assets/Scripts/DialogueScripts/DialogueLine.cs using Guid(3cff69e2dc0638d45a4265cfc8690620) Importer(815301076,1909f56bfc062723c751e8b465ee728b)  -> (artifact id: '39931bcb5e2b4c1aad42b1d53f56595e') in 0.004737 seconds 
  Import took 0.008405 seconds .

========================================================================
Received Import Request.
  Time since last request: 0.016353 seconds.
  path: Assets/Scripts/Skills/TargetOneAlliance/VanillaBuffDefOne.cs
  artifactKey: Guid(f00db1ea7b566a84584e0ae4ce77eaba) Importer(815301076,1909f56bfc062723c751e8b465ee728b)
Start importing Assets/Scripts/Skills/TargetOneAlliance/VanillaBuffDefOne.cs using Guid(f00db1ea7b566a84584e0ae4ce77eaba) Importer(815301076,1909f56bfc062723c751e8b465ee728b)  -> (artifact id: 'c717921324aaf2e1de80fcaec9645e31') in 0.005941 seconds 
  Import took 0.009909 seconds .

========================================================================
Received Import Request.
  Time since last request: 0.005174 seconds.
  path: Assets/Scripts/Player.cs
  artifactKey: Guid(66dd46ce02ea569489674114174b66c5) Importer(815301076,1909f56bfc062723c751e8b465ee728b)
Start importing Assets/Scripts/Player.cs using Guid(66dd46ce02ea569489674114174b66c5) Importer(815301076,1909f56bfc062723c751e8b465ee728b)  -> (artifact id: '96ca7b24fef4f77c64b6ea87243b974b') in 0.004840 seconds 
  Import took 0.008459 seconds .

========================================================================
Received Import Request.
  Time since last request: 0.006566 seconds.
  path: Assets/Scripts/Skills/TargetAllEnemies/VanillaAttackAll.cs
  artifactKey: Guid(1dac8668f7f8ac643b12ef5425a5c3d4) Importer(815301076,1909f56bfc062723c751e8b465ee728b)
Start importing Assets/Scripts/Skills/TargetAllEnemies/VanillaAttackAll.cs using Guid(1dac8668f7f8ac643b12ef5425a5c3d4) Importer(815301076,1909f56bfc062723c751e8b465ee728b)  -> (artifact id: '4d543b2a091b2aed32045ffd2e6ac021') in 0.005306 seconds 
  Import took 0.009247 seconds .

========================================================================
Received Import Request.
  Time since last request: 0.004721 seconds.
  path: Assets/Scripts/BattleScene/BattleLogic/ActionCommandHandler.cs
  artifactKey: Guid(a2ae11751be5185488d18d3a36dc37ab) Importer(815301076,1909f56bfc062723c751e8b465ee728b)
Start importing Assets/Scripts/BattleScene/BattleLogic/ActionCommandHandler.cs using Guid(a2ae11751be5185488d18d3a36dc37ab) Importer(815301076,1909f56bfc062723c751e8b465ee728b)  -> (artifact id: 'a518e7bd0c6117d8b95893a32b7d31ee') in 0.004520 seconds 
  Import took 0.007903 seconds .

========================================================================
Received Import Request.
  Time since last request: 0.001569 seconds.
  path: Assets/Scripts/SkillMenuUI.cs
  artifactKey: Guid(82d6caacbf6b4c744a2e19e8e13343b2) Importer(815301076,1909f56bfc062723c751e8b465ee728b)
Start importing Assets/Scripts/SkillMenuUI.cs using Guid(82d6caacbf6b4c744a2e19e8e13343b2) Importer(815301076,1909f56bfc062723c751e8b465ee728b)  -> (artifact id: 'ee00b7b7cc5713bae101b6c3cda21c74') in 0.004113 seconds 
  Import took 0.007294 seconds .

========================================================================
Received Import Request.
  Time since last request: 0.004496 seconds.
  path: Assets/Scripts/Skills/TargetAllAlliances/VanillaBuffDefAll.cs
  artifactKey: Guid(a5facb654203ea14e856fcc44526e899) Importer(815301076,1909f56bfc062723c751e8b465ee728b)
Start importing Assets/Scripts/Skills/TargetAllAlliances/VanillaBuffDefAll.cs using Guid(a5facb654203ea14e856fcc44526e899) Importer(815301076,1909f56bfc062723c751e8b465ee728b)  -> (artifact id: 'edc6075ab070d9463a5f5aa6f6b740d5') in 0.006007 seconds 
  Import took 0.009562 seconds .

========================================================================
Received Import Request.
  Time since last request: 0.004601 seconds.
  path: Assets/Scripts/map/mapMovement.cs
  artifactKey: Guid(9180f85f9bb547349974c78ef61e4b6c) Importer(815301076,1909f56bfc062723c751e8b465ee728b)
Start importing Assets/Scripts/map/mapMovement.cs using Guid(9180f85f9bb547349974c78ef61e4b6c) Importer(815301076,1909f56bfc062723c751e8b465ee728b)  -> (artifact id: 'b9b01849e6d3a4e05704304746224637') in 0.004466 seconds 
  Import took 0.008073 seconds .

